<?xml version="1.0" encoding="UTF-8"?>
<testng-results ignored="0" total="1" passed="1" failed="0" skipped="0">
  <reporter-output>
  </reporter-output>
  <suite started-at="2026-08-19T13:25:54 IST" name="Default suite" finished-at="2026-08-19T13:26:13 IST" duration-ms="19720">
    <groups>
    </groups>
    <test started-at="2026-08-19T13:25:54 IST" name="Default test" finished-at="2026-08-19T13:26:13 IST" duration-ms="19720">
      <class name="com.coforge.ddttest.DDTTest">
        <test-method is-config="true" signature="setUp()[pri:0, instance:com.coforge.ddttest.DDTTest@3f9342d4]" started-at="2026-08-19T13:25:54 IST" name="setUp" finished-at="2026-08-19T13:25:57 IST" duration-ms="3210" status="PASS">
          <reporter-output>
          </reporter-output>
        </test-method> <!-- setUp -->
        <test-method signature="BrowserTest()[pri:0, instance:com.coforge.ddttest.DDTTest@3f9342d4]" started-at="2026-08-19T13:25:57 IST" name="BrowserTest" finished-at="2026-08-19T13:26:13 IST" duration-ms="15981" status="PASS">
          <reporter-output>
          </reporter-output>
        </test-method> <!-- BrowserTest -->
        <test-method is-config="true" signature="tearDown()[pri:0, instance:com.coforge.ddttest.DDTTest@3f9342d4]" started-at="2026-08-19T13:26:13 IST" name="tearDown" finished-at="2026-08-19T13:26:13 IST" duration-ms="196" status="PASS">
          <reporter-output>
          </reporter-output>
        </test-method> <!-- tearDown -->
      </class> <!-- com.coforge.ddttest.DDTTest -->
    </test> <!-- Default test -->
  </suite> <!-- Default suite -->
</testng-results>
